<?xml version="1.0" encoding="UTF-8"?>
<testng-results ignored="0" total="1" passed="1" failed="0" skipped="0">
  <reporter-output>
    <line>
      <![CDATA[waiting for 300 milli sec]]>
    </line>
    <line>
      <![CDATA[readind data url from propertyFile]]>
    </line>
    <line>
      <![CDATA[Launching browser]]>
    </line>
    <line>
      <![CDATA[waiting for 1000 milli sec]]>
    </line>
    <line>
      <![CDATA[clicking on home page signInButton]]>
    </line>
    <line>
      <![CDATA[waiting for 1000 milli sec]]>
    </line>
    <line>
      <![CDATA[readind data mobNum from propertyFile]]>
    </line>
    <line>
      <![CDATA[entering mobile number]]>
    </line>
    <line>
      <![CDATA[waiting for 1000 milli sec]]>
    </line>
    <line>
      <![CDATA[clicking on signInWithPassword]]>
    </line>
    <line>
      <![CDATA[waiting for 1000 milli sec]]>
    </line>
    <line>
      <![CDATA[readind data pwd from propertyFile]]>
    </line>
    <line>
      <![CDATA[entring password]]>
    </line>
    <line>
      <![CDATA[waiting for 1000 milli sec]]>
    </line>
    <line>
      <![CDATA[clicking on signInButton]]>
    </line>
    <line>
      <![CDATA[waiting for 1000 milli sec]]>
    </line>
    <line>
      <![CDATA[clicking on myAccount Button]]>
    </line>
    <line>
      <![CDATA[waiting for 1000 milli sec]]>
    </line>
    <line>
      <![CDATA[clicking on myProfile Button]]>
    </line>
    <line>
      <![CDATA[waiting for 1000 milli sec]]>
    </line>
    <line>
      <![CDATA[switching to child page]]>
    </line>
    <line>
      <![CDATA[waiting for 200 milli sec]]>
    </line>
    <line>
      <![CDATA[Test validateUserName execution started..]]>
    </line>
    <line>
      <![CDATA[waiting for 4000 milli sec]]>
    </line>
    <line>
      <![CDATA[getting actual userName]]>
    </line>
    <line>
      <![CDATA[waiting for 2000 milli sec]]>
    </line>
    <line>
      <![CDATA[readind data UN from propertyFile]]>
    </line>
    <line>
      <![CDATA[taking screenshot]]>
    </line>
    <line>
      <![CDATA[screenShot location is ... C:\Users\hp\eclipse-workspace\piu\screenshotSwapnali Salunke PB_TC_1234.png]]>
    </line>
    <line>
      <![CDATA[This validateUserName method completed successfully]]>
    </line>
    <line>
      <![CDATA[logging out...]]>
    </line>
    <line>
      <![CDATA[waiting for 2000 milli sec]]>
    </line>
    <line>
      <![CDATA[Closing Browser]]>
    </line>
  </reporter-output>
  <suite started-at="2023-07-03T01:06:25 PDT" name="Suite" finished-at="2023-07-03T01:06:59 PDT" duration-ms="34246">
    <groups>
    </groups>
    <test started-at="2023-07-03T01:06:25 PDT" name="Test" finished-at="2023-07-03T01:06:59 PDT" duration-ms="34246">
      <class name="p.Validatingusername1">
        <test-method is-config="true" signature="launchPolicyBazaar()[pri:0, instance:p.Validatingusername1@1d296da]" started-at="2023-07-03T01:06:25 PDT" name="launchPolicyBazaar" finished-at="2023-07-03T01:06:35 PDT" duration-ms="10168" status="PASS">
          <reporter-output>
            <line>
              <![CDATA[waiting for 300 milli sec]]>
            </line>
            <line>
              <![CDATA[readind data url from propertyFile]]>
            </line>
            <line>
              <![CDATA[Launching browser]]>
            </line>
          </reporter-output>
        </test-method> <!-- launchPolicyBazaar -->
        <test-method is-config="true" signature="signInToPolicyBazaar()[pri:0, instance:p.Validatingusername1@1d296da]" started-at="2023-07-03T01:06:35 PDT" name="signInToPolicyBazaar" finished-at="2023-07-03T01:06:49 PDT" duration-ms="14507" status="PASS">
          <reporter-output>
            <line>
              <![CDATA[waiting for 1000 milli sec]]>
            </line>
            <line>
              <![CDATA[clicking on home page signInButton]]>
            </line>
            <line>
              <![CDATA[waiting for 1000 milli sec]]>
            </line>
            <line>
              <![CDATA[readind data mobNum from propertyFile]]>
            </line>
            <line>
              <![CDATA[entering mobile number]]>
            </line>
            <line>
              <![CDATA[waiting for 1000 milli sec]]>
            </line>
            <line>
              <![CDATA[clicking on signInWithPassword]]>
            </line>
            <line>
              <![CDATA[waiting for 1000 milli sec]]>
            </line>
            <line>
              <![CDATA[readind data pwd from propertyFile]]>
            </line>
            <line>
              <![CDATA[entring password]]>
            </line>
            <line>
              <![CDATA[waiting for 1000 milli sec]]>
            </line>
            <line>
              <![CDATA[clicking on signInButton]]>
            </line>
            <line>
              <![CDATA[waiting for 1000 milli sec]]>
            </line>
            <line>
              <![CDATA[clicking on myAccount Button]]>
            </line>
            <line>
              <![CDATA[waiting for 1000 milli sec]]>
            </line>
            <line>
              <![CDATA[clicking on myProfile Button]]>
            </line>
            <line>
              <![CDATA[waiting for 1000 milli sec]]>
            </line>
            <line>
              <![CDATA[switching to child page]]>
            </line>
            <line>
              <![CDATA[waiting for 200 milli sec]]>
            </line>
          </reporter-output>
        </test-method> <!-- signInToPolicyBazaar -->
        <test-method signature="validateUserName()[pri:0, instance:p.Validatingusername1@1d296da]" started-at="2023-07-03T01:06:49 PDT" name="validateUserName" finished-at="2023-07-03T01:06:56 PDT" duration-ms="6482" status="PASS">
          <reporter-output>
            <line>
              <![CDATA[Test validateUserName execution started..]]>
            </line>
            <line>
              <![CDATA[waiting for 4000 milli sec]]>
            </line>
            <line>
              <![CDATA[getting actual userName]]>
            </line>
            <line>
              <![CDATA[waiting for 2000 milli sec]]>
            </line>
            <line>
              <![CDATA[readind data UN from propertyFile]]>
            </line>
            <line>
              <![CDATA[taking screenshot]]>
            </line>
            <line>
              <![CDATA[screenShot location is ... C:\Users\hp\eclipse-workspace\piu\screenshotSwapnali Salunke PB_TC_1234.png]]>
            </line>
            <line>
              <![CDATA[This validateUserName method completed successfully]]>
            </line>
          </reporter-output>
        </test-method> <!-- validateUserName -->
        <test-method is-config="true" signature="logoutFromPolicyBazaar()[pri:0, instance:p.Validatingusername1@1d296da]" started-at="2023-07-03T01:06:56 PDT" name="logoutFromPolicyBazaar" finished-at="2023-07-03T01:06:56 PDT" duration-ms="443" status="PASS">
          <reporter-output>
            <line>
              <![CDATA[logging out...]]>
            </line>
          </reporter-output>
        </test-method> <!-- logoutFromPolicyBazaar -->
        <test-method is-config="true" signature="closePoilicyBazaar()[pri:0, instance:p.Validatingusername1@1d296da]" started-at="2023-07-03T01:06:56 PDT" name="closePoilicyBazaar" finished-at="2023-07-03T01:06:59 PDT" duration-ms="2550" status="PASS">
          <reporter-output>
            <line>
              <![CDATA[waiting for 2000 milli sec]]>
            </line>
            <line>
              <![CDATA[Closing Browser]]>
            </line>
          </reporter-output>
        </test-method> <!-- closePoilicyBazaar -->
      </class> <!-- p.Validatingusername1 -->
    </test> <!-- Test -->
  </suite> <!-- Suite -->
</testng-results>
